==95969== Memcheck, a memory error detector
==95969== Copyright (C) 2002-2017, and GNU GPL'd, by Julian Seward et al.
==95969== Using Valgrind-3.18.1-42b08ed5bd-20211015 and LibVEX; rerun with -h for copyright info
==95969== Command: ./a.out
==95969== Parent PID: 74173
==95969== 
--95969-- 
--95969-- Valgrind options:
--95969--    --leak-check=full
--95969--    --show-leak-kinds=all
--95969--    --track-origins=yes
--95969--    --verbose
--95969--    --log-file=log.log
--95969-- Contents of /proc/version:
--95969--   Linux version 5.15.0-91-generic (buildd@lcy02-amd64-045) (gcc (Ubuntu 11.4.0-1ubuntu1~22.04) 11.4.0, GNU ld (GNU Binutils for Ubuntu) 2.38) #101-Ubuntu SMP Tue Nov 14 13:30:08 UTC 2023
--95969-- 
--95969-- Arch and hwcaps: AMD64, LittleEndian, amd64-cx16-lzcnt-rdtscp-sse3-ssse3-avx-avx2-bmi-f16c-rdrand-rdseed
--95969-- Page sizes: currently 4096, max supported 4096
--95969-- Valgrind library directory: /usr/libexec/valgrind
--95969-- Reading syms from /nfs/homes/jgils/Documents/get_next_line/a.out
--95969-- Reading syms from /usr/lib/x86_64-linux-gnu/ld-linux-x86-64.so.2
--95969--   Considering /usr/lib/debug/.build-id/cc/cdd41e22e25f77a8cda3d045c57ffdb01a9793.debug ..
--95969--   .. build-id is valid
--95969-- Reading syms from /usr/libexec/valgrind/memcheck-amd64-linux
--95969--    object doesn't have a symbol table
--95969--    object doesn't have a dynamic symbol table
--95969-- Scheduler: using generic scheduler lock implementation.
--95969-- Reading suppressions file: /usr/libexec/valgrind/default.supp
==95969== embedded gdbserver: reading from /tmp/vgdb-pipe-from-vgdb-to-95969-by-jgils-on-???
==95969== embedded gdbserver: writing to   /tmp/vgdb-pipe-to-vgdb-from-95969-by-jgils-on-???
==95969== embedded gdbserver: shared mem   /tmp/vgdb-pipe-shared-mem-vgdb-95969-by-jgils-on-???
==95969== 
==95969== TO CONTROL THIS PROCESS USING vgdb (which you probably
==95969== don't want to do, unless you know exactly what you're doing,
==95969== or are doing some strange experiment):
==95969==   /usr/bin/vgdb --pid=95969 ...command...
==95969== 
==95969== TO DEBUG THIS PROCESS USING GDB: start GDB like this
==95969==   /path/to/gdb ./a.out
==95969== and then give GDB the following command
==95969==   target remote | /usr/bin/vgdb --pid=95969
==95969== --pid is optional if only one valgrind process is running
==95969== 
--95969-- REDIR: 0x402aa40 (ld-linux-x86-64.so.2:strlen) redirected to 0x580bcec2 (???)
--95969-- REDIR: 0x402a810 (ld-linux-x86-64.so.2:index) redirected to 0x580bcedc (???)
--95969-- Reading syms from /usr/libexec/valgrind/vgpreload_core-amd64-linux.so
--95969--    object doesn't have a symbol table
--95969-- Reading syms from /usr/libexec/valgrind/vgpreload_memcheck-amd64-linux.so
--95969--    object doesn't have a symbol table
==95969== WARNING: new redirection conflicts with existing -- ignoring it
--95969--     old: 0x0402aa40 (strlen              ) R-> (0000.0) 0x580bcec2 ???
--95969--     new: 0x0402aa40 (strlen              ) R-> (2007.0) 0x0484ee30 strlen
--95969-- REDIR: 0x4027220 (ld-linux-x86-64.so.2:strcmp) redirected to 0x484fcd0 (strcmp)
--95969-- REDIR: 0x402afa0 (ld-linux-x86-64.so.2:mempcpy) redirected to 0x4853840 (mempcpy)
--95969-- Reading syms from /usr/lib/x86_64-linux-gnu/libc.so.6
--95969--   Considering /usr/lib/debug/.build-id/20/3de0ae33b53fee1578b117cb4123e85d0534f0.debug ..
--95969--   .. build-id is valid
==95969== WARNING: new redirection conflicts with existing -- ignoring it
--95969--     old: 0x04916c60 (memalign            ) R-> (1011.0) 0x0484e080 memalign
--95969--     new: 0x04916c60 (memalign            ) R-> (1017.0) 0x0484e050 aligned_alloc
==95969== WARNING: new redirection conflicts with existing -- ignoring it
--95969--     old: 0x04916c60 (memalign            ) R-> (1011.0) 0x0484e080 memalign
--95969--     new: 0x04916c60 (memalign            ) R-> (1017.0) 0x0484e020 aligned_alloc
==95969== WARNING: new redirection conflicts with existing -- ignoring it
--95969--     old: 0x04916c60 (memalign            ) R-> (1011.0) 0x0484e080 memalign
--95969--     new: 0x04916c60 (memalign            ) R-> (1017.0) 0x0484e050 aligned_alloc
==95969== WARNING: new redirection conflicts with existing -- ignoring it
--95969--     old: 0x04916c60 (memalign            ) R-> (1011.0) 0x0484e080 memalign
--95969--     new: 0x04916c60 (memalign            ) R-> (1017.0) 0x0484e020 aligned_alloc
--95969-- REDIR: 0x4919720 (libc.so.6:strnlen) redirected to 0x483f220 (_vgnU_ifunc_wrapper)
--95969-- REDIR: 0x49199e0 (libc.so.6:strpbrk) redirected to 0x483f220 (_vgnU_ifunc_wrapper)
--95969-- REDIR: 0x49192e0 (libc.so.6:strcmp) redirected to 0x483f220 (_vgnU_ifunc_wrapper)
--95969-- REDIR: 0x4937cd0 (libc.so.6:wcsnlen) redirected to 0x483f220 (_vgnU_ifunc_wrapper)
--95969-- REDIR: 0x491a6d0 (libc.so.6:memset) redirected to 0x483f220 (_vgnU_ifunc_wrapper)
--95969-- REDIR: 0x4936540 (libc.so.6:wcslen) redirected to 0x483f220 (_vgnU_ifunc_wrapper)
--95969-- REDIR: 0x491ac10 (libc.so.6:memcpy@@GLIBC_2.14) redirected to 0x483f220 (_vgnU_ifunc_wrapper)
--95969-- REDIR: 0x4936370 (libc.so.6:wcschr) redirected to 0x483f220 (_vgnU_ifunc_wrapper)
--95969-- REDIR: 0x4919260 (libc.so.6:index) redirected to 0x483f220 (_vgnU_ifunc_wrapper)
--95969-- REDIR: 0x4919960 (libc.so.6:rindex) redirected to 0x483f220 (_vgnU_ifunc_wrapper)
--95969-- REDIR: 0x491a5a0 (libc.so.6:memmove) redirected to 0x483f220 (_vgnU_ifunc_wrapper)
==95969== Preferring higher priority redirection:
--95969--     old: 0x04a115c0 (__memcpy_avx_unalign) R-> (2018.0) 0x04850f90 __memcpy_avx_unaligned_erms
--95969--     new: 0x04a115c0 (__memcpy_avx_unalign) R-> (2018.1) 0x04852880 memmove
--95969-- REDIR: 0x49363f0 (libc.so.6:wcscmp) redirected to 0x483f220 (_vgnU_ifunc_wrapper)
--95969-- REDIR: 0x491a9e0 (libc.so.6:stpncpy) redirected to 0x483f220 (_vgnU_ifunc_wrapper)
--95969-- REDIR: 0x49369b0 (libc.so.6:wmemchr) redirected to 0x483f220 (_vgnU_ifunc_wrapper)
--95969-- REDIR: 0x4919830 (libc.so.6:strncmp) redirected to 0x483f220 (_vgnU_ifunc_wrapper)
--95969-- REDIR: 0x491aa70 (libc.so.6:strcasecmp) redirected to 0x483f220 (_vgnU_ifunc_wrapper)
--95969-- REDIR: 0x4919420 (libc.so.6:strcspn) redirected to 0x483f220 (_vgnU_ifunc_wrapper)
--95969-- REDIR: 0x4936470 (libc.so.6:wcscpy) redirected to 0x483f220 (_vgnU_ifunc_wrapper)
--95969-- REDIR: 0x49191d0 (libc.so.6:strcat) redirected to 0x483f220 (_vgnU_ifunc_wrapper)
--95969-- REDIR: 0x491ab60 (libc.so.6:strncasecmp_l) redirected to 0x483f220 (_vgnU_ifunc_wrapper)
--95969-- REDIR: 0x491a480 (libc.so.6:bcmp) redirected to 0x483f220 (_vgnU_ifunc_wrapper)
--95969-- REDIR: 0x4922570 (libc.so.6:memrchr) redirected to 0x483f220 (_vgnU_ifunc_wrapper)
--95969-- REDIR: 0x491c010 (libc.so.6:strchrnul) redirected to 0x483f220 (_vgnU_ifunc_wrapper)
--95969-- REDIR: 0x4919390 (libc.so.6:strcpy) redirected to 0x483f220 (_vgnU_ifunc_wrapper)
--95969-- REDIR: 0x491ab10 (libc.so.6:strcasecmp_l) redirected to 0x483f220 (_vgnU_ifunc_wrapper)
--95969-- REDIR: 0x49196a0 (libc.so.6:strlen) redirected to 0x483f220 (_vgnU_ifunc_wrapper)
--95969-- REDIR: 0x49198d0 (libc.so.6:strncpy) redirected to 0x483f220 (_vgnU_ifunc_wrapper)
--95969-- REDIR: 0x491a950 (libc.so.6:stpcpy) redirected to 0x483f220 (_vgnU_ifunc_wrapper)
--95969-- REDIR: 0x491a3f0 (libc.so.6:memchr) redirected to 0x483f220 (_vgnU_ifunc_wrapper)
--95969-- REDIR: 0x4919b00 (libc.so.6:strspn) redirected to 0x483f220 (_vgnU_ifunc_wrapper)
--95969-- REDIR: 0x491a7d0 (libc.so.6:mempcpy) redirected to 0x483f220 (_vgnU_ifunc_wrapper)
--95969-- REDIR: 0x491aac0 (libc.so.6:strncasecmp) redirected to 0x483f220 (_vgnU_ifunc_wrapper)
--95969-- REDIR: 0x491bf80 (libc.so.6:rawmemchr) redirected to 0x483f220 (_vgnU_ifunc_wrapper)
--95969-- REDIR: 0x4a0e410 (libc.so.6:__strrchr_avx2) redirected to 0x484e810 (rindex)
--95969-- REDIR: 0x49160a0 (libc.so.6:malloc) redirected to 0x4848820 (malloc)
--95969-- REDIR: 0x49163e0 (libc.so.6:free) redirected to 0x484b210 (free)
--95969-- REDIR: 0x4a0e200 (libc.so.6:__strchrnul_avx2) redirected to 0x4853330 (strchrnul)
--95969-- REDIR: 0x4a0e5e0 (libc.so.6:__strlen_avx2) redirected to 0x484ed10 (strlen)
--95969-- REDIR: 0x4a11580 (libc.so.6:__mempcpy_avx_unaligned_erms) redirected to 0x4853440 (mempcpy)
==95969== Conditional jump or move depends on uninitialised value(s)
==95969==    at 0x1092AF: get_keep (get_next_line.c:59)
==95969==    by 0x109429: get_next_line (get_next_line.c:101)
==95969==    by 0x1094E7: main (get_next_line.c:120)
==95969==  Uninitialised value was created by a heap allocation
==95969==    at 0x4848899: malloc (in /usr/libexec/valgrind/vgpreload_memcheck-amd64-linux.so)
==95969==    by 0x109333: get_next_line (get_next_line.c:78)
==95969==    by 0x1094E7: main (get_next_line.c:120)
==95969== 
==95969== 
==95969== HEAP SUMMARY:
==95969==     in use at exit: 1,805 bytes in 143 blocks
==95969==   total heap usage: 447 allocs, 304 frees, 16,541 bytes allocated
==95969== 
==95969== Searching for pointers to 143 not-freed blocks
==95969== Checked 105,520 bytes
==95969== 
==95969== 1 bytes in 1 blocks are definitely lost in loss record 1 of 4
==95969==    at 0x4848899: malloc (in /usr/libexec/valgrind/vgpreload_memcheck-amd64-linux.so)
==95969==    by 0x1096F4: ft_strjoin (get_next_line_utils.c:84)
==95969==    by 0x109414: get_next_line (get_next_line.c:100)
==95969==    by 0x1094E7: main (get_next_line.c:120)
==95969== 
==95969== 34 bytes in 1 blocks are definitely lost in loss record 2 of 4
==95969==    at 0x4848899: malloc (in /usr/libexec/valgrind/vgpreload_memcheck-amd64-linux.so)
==95969==    by 0x1095FB: ft_strndup (get_next_line_utils.c:46)
==95969==    by 0x109262: get_str (get_next_line.c:46)
==95969==    by 0x109402: get_next_line (get_next_line.c:100)
==95969==    by 0x1094B0: main (get_next_line.c:115)
==95969== 
==95969== 76 bytes in 76 blocks are definitely lost in loss record 3 of 4
==95969==    at 0x4848899: malloc (in /usr/libexec/valgrind/vgpreload_memcheck-amd64-linux.so)
==95969==    by 0x109352: get_next_line (get_next_line.c:81)
==95969==    by 0x1094E7: main (get_next_line.c:120)
==95969== 
==95969== 1,694 bytes in 65 blocks are definitely lost in loss record 4 of 4
==95969==    at 0x4848899: malloc (in /usr/libexec/valgrind/vgpreload_memcheck-amd64-linux.so)
==95969==    by 0x1095FB: ft_strndup (get_next_line_utils.c:46)
==95969==    by 0x109262: get_str (get_next_line.c:46)
==95969==    by 0x109402: get_next_line (get_next_line.c:100)
==95969==    by 0x1094E7: main (get_next_line.c:120)
==95969== 
==95969== LEAK SUMMARY:
==95969==    definitely lost: 1,805 bytes in 143 blocks
==95969==    indirectly lost: 0 bytes in 0 blocks
==95969==      possibly lost: 0 bytes in 0 blocks
==95969==    still reachable: 0 bytes in 0 blocks
==95969==         suppressed: 0 bytes in 0 blocks
==95969== 
==95969== ERROR SUMMARY: 5 errors from 5 contexts (suppressed: 0 from 0)
==95969== 
==95969== 1 errors in context 1 of 5:
==95969== Conditional jump or move depends on uninitialised value(s)
==95969==    at 0x1092AF: get_keep (get_next_line.c:59)
==95969==    by 0x109429: get_next_line (get_next_line.c:101)
==95969==    by 0x1094E7: main (get_next_line.c:120)
==95969==  Uninitialised value was created by a heap allocation
==95969==    at 0x4848899: malloc (in /usr/libexec/valgrind/vgpreload_memcheck-amd64-linux.so)
==95969==    by 0x109333: get_next_line (get_next_line.c:78)
==95969==    by 0x1094E7: main (get_next_line.c:120)
==95969== 
==95969== ERROR SUMMARY: 5 errors from 5 contexts (suppressed: 0 from 0)
